<?xml version="1.0" encoding="UTF-8"?>
<!-- Generated by org.testng.reporters.JUnitXMLReporter -->
<testsuite hostname="DESKTOP-DEV" name="Default test" tests="5" failures="0" timestamp="4 Nov 2017 15:23:49 GMT" time="1385.289" errors="0">
  <testcase name="jokerOne" time="615.544" classname="com.scraper.BitcoinScrapper.BitcoVerifier1"/>
  <testcase name="jokerOne" time="92.913" classname="com.scraper.BitcoinScrapper.BitcoVerifier1"/>
  <testcase name="jokerOne" time="39.572" classname="com.scraper.BitcoinScrapper.BitcoVerifier1"/>
  <testcase name="jokerOne" time="567.678" classname="com.scraper.BitcoinScrapper.BitcoVerifier1"/>
  <testcase name="jokerOne" time="57.557" classname="com.scraper.BitcoinScrapper.BitcoVerifier1"/>
</testsuite> <!-- Default test -->
