<?xml version="1.0" encoding="UTF-8"?>
<!-- Generated by org.testng.reporters.JUnitXMLReporter -->
<testsuite hostname="DESKTOP-DEV" name="BITCO THREE" tests="40" failures="0" timestamp="3 Nov 2017 18:55:33 GMT" time="0.447" errors="0">
  <testcase name="@BeforeClass setup" time="0.0" classname="com.scraper.BitcoinScrapper.BitcoVerifier3">
    <failure type="java.lang.Exception" message="File creation failed">
      <![CDATA[java.lang.Exception: File creation failed
	at com.scraper.BitcoinScrapper.BitcoVerifier3.setup(BitcoVerifier3.java:55)
	at java.util.concurrent.FutureTask.run(Unknown Source)
	at java.util.concurrent.ThreadPoolExecutor.runWorker(Unknown Source)
	at java.util.concurrent.ThreadPoolExecutor$Worker.run(Unknown Source)
	at java.lang.Thread.run(Unknown Source)
... Removed 16 stack frames]]>
    </failure>
  </testcase> <!-- @BeforeClass setup -->
  <testcase name="jokerOne" time="0.001" classname="com.scraper.BitcoinScrapper.BitcoVerifier3">
    <skipped/>
  </testcase> <!-- jokerOne -->
  <testcase name="jokerOne" time="0.003" classname="com.scraper.BitcoinScrapper.BitcoVerifier3">
    <skipped/>
  </testcase> <!-- jokerOne -->
  <testcase name="jokerOne" time="0.003" classname="com.scraper.BitcoinScrapper.BitcoVerifier3">
    <skipped/>
  </testcase> <!-- jokerOne -->
  <testcase name="jokerOne" time="0.001" classname="com.scraper.BitcoinScrapper.BitcoVerifier3">
    <skipped/>
  </testcase> <!-- jokerOne -->
  <testcase name="jokerOne" time="0.002" classname="com.scraper.BitcoinScrapper.BitcoVerifier3">
    <skipped/>
  </testcase> <!-- jokerOne -->
  <testcase name="jokerOne" time="0.001" classname="com.scraper.BitcoinScrapper.BitcoVerifier3">
    <skipped/>
  </testcase> <!-- jokerOne -->
  <testcase name="jokerOne" time="0.002" classname="com.scraper.BitcoinScrapper.BitcoVerifier3">
    <skipped/>
  </testcase> <!-- jokerOne -->
  <testcase name="jokerOne" time="0.003" classname="com.scraper.BitcoinScrapper.BitcoVerifier3">
    <skipped/>
  </testcase> <!-- jokerOne -->
  <testcase name="jokerOne" time="0.004" classname="com.scraper.BitcoinScrapper.BitcoVerifier3">
    <skipped/>
  </testcase> <!-- jokerOne -->
  <testcase name="jokerOne" time="0.003" classname="com.scraper.BitcoinScrapper.BitcoVerifier3">
    <skipped/>
  </testcase> <!-- jokerOne -->
  <testcase name="jokerOne" time="0.001" classname="com.scraper.BitcoinScrapper.BitcoVerifier3">
    <skipped/>
  </testcase> <!-- jokerOne -->
  <testcase name="jokerOne" time="0.003" classname="com.scraper.BitcoinScrapper.BitcoVerifier3">
    <skipped/>
  </testcase> <!-- jokerOne -->
  <testcase name="jokerOne" time="0.002" classname="com.scraper.BitcoinScrapper.BitcoVerifier3">
    <skipped/>
  </testcase> <!-- jokerOne -->
  <testcase name="jokerOne" time="0.002" classname="com.scraper.BitcoinScrapper.BitcoVerifier3">
    <skipped/>
  </testcase> <!-- jokerOne -->
  <testcase name="jokerOne" time="0.006" classname="com.scraper.BitcoinScrapper.BitcoVerifier3">
    <skipped/>
  </testcase> <!-- jokerOne -->
  <testcase name="jokerOne" time="0.002" classname="com.scraper.BitcoinScrapper.BitcoVerifier3">
    <skipped/>
  </testcase> <!-- jokerOne -->
  <testcase name="jokerOne" time="0.005" classname="com.scraper.BitcoinScrapper.BitcoVerifier3">
    <skipped/>
  </testcase> <!-- jokerOne -->
  <testcase name="jokerOne" time="0.005" classname="com.scraper.BitcoinScrapper.BitcoVerifier3">
    <skipped/>
  </testcase> <!-- jokerOne -->
  <testcase name="jokerOne" time="0.008" classname="com.scraper.BitcoinScrapper.BitcoVerifier3">
    <skipped/>
  </testcase> <!-- jokerOne -->
  <testcase name="jokerOne" time="0.0" classname="com.scraper.BitcoinScrapper.BitcoVerifier3">
    <skipped/>
  </testcase> <!-- jokerOne -->
  <testcase name="jokerOne" time="0.0" classname="com.scraper.BitcoinScrapper.BitcoVerifier3">
    <skipped/>
  </testcase> <!-- jokerOne -->
  <testcase name="jokerOne" time="0.001" classname="com.scraper.BitcoinScrapper.BitcoVerifier3">
    <skipped/>
  </testcase> <!-- jokerOne -->
  <testcase name="jokerOne" time="0.005" classname="com.scraper.BitcoinScrapper.BitcoVerifier3">
    <skipped/>
  </testcase> <!-- jokerOne -->
  <testcase name="jokerOne" time="0.001" classname="com.scraper.BitcoinScrapper.BitcoVerifier3">
    <skipped/>
  </testcase> <!-- jokerOne -->
  <testcase name="jokerOne" time="0.001" classname="com.scraper.BitcoinScrapper.BitcoVerifier3">
    <skipped/>
  </testcase> <!-- jokerOne -->
  <testcase name="jokerOne" time="0.0" classname="com.scraper.BitcoinScrapper.BitcoVerifier3">
    <skipped/>
  </testcase> <!-- jokerOne -->
  <testcase name="jokerOne" time="0.001" classname="com.scraper.BitcoinScrapper.BitcoVerifier3">
    <skipped/>
  </testcase> <!-- jokerOne -->
  <testcase name="jokerOne" time="0.001" classname="com.scraper.BitcoinScrapper.BitcoVerifier3">
    <skipped/>
  </testcase> <!-- jokerOne -->
  <testcase name="jokerOne" time="0.001" classname="com.scraper.BitcoinScrapper.BitcoVerifier3">
    <skipped/>
  </testcase> <!-- jokerOne -->
  <testcase name="jokerOne" time="0.003" classname="com.scraper.BitcoinScrapper.BitcoVerifier3">
    <skipped/>
  </testcase> <!-- jokerOne -->
  <testcase name="jokerOne" time="0.001" classname="com.scraper.BitcoinScrapper.BitcoVerifier3">
    <skipped/>
  </testcase> <!-- jokerOne -->
  <testcase name="jokerOne" time="0.002" classname="com.scraper.BitcoinScrapper.BitcoVerifier3">
    <skipped/>
  </testcase> <!-- jokerOne -->
  <testcase name="jokerOne" time="0.001" classname="com.scraper.BitcoinScrapper.BitcoVerifier3">
    <skipped/>
  </testcase> <!-- jokerOne -->
  <testcase name="jokerOne" time="0.0" classname="com.scraper.BitcoinScrapper.BitcoVerifier3">
    <skipped/>
  </testcase> <!-- jokerOne -->
  <testcase name="jokerOne" time="0.001" classname="com.scraper.BitcoinScrapper.BitcoVerifier3">
    <skipped/>
  </testcase> <!-- jokerOne -->
  <testcase name="jokerOne" time="0.001" classname="com.scraper.BitcoinScrapper.BitcoVerifier3">
    <skipped/>
  </testcase> <!-- jokerOne -->
  <testcase name="jokerOne" time="0.0" classname="com.scraper.BitcoinScrapper.BitcoVerifier3">
    <skipped/>
  </testcase> <!-- jokerOne -->
  <testcase name="jokerOne" time="0.001" classname="com.scraper.BitcoinScrapper.BitcoVerifier3">
    <skipped/>
  </testcase> <!-- jokerOne -->
  <testcase name="jokerOne" time="0.0" classname="com.scraper.BitcoinScrapper.BitcoVerifier3">
    <skipped/>
  </testcase> <!-- jokerOne -->
  <testcase name="jokerOne" time="0.0" classname="com.scraper.BitcoinScrapper.BitcoVerifier3">
    <skipped/>
  </testcase> <!-- jokerOne -->
</testsuite> <!-- BITCO THREE -->
